0 info it worked if it ends with ok
1 verbose cli [ '/usr/bin/node', '/usr/bin/npm', 'start' ]
2 info using npm@3.5.2
3 info using node@v8.10.0
4 verbose run-script [ 'prestart', 'start', 'poststart' ]
5 info lifecycle meteor-base-project@~prestart: meteor-base-project@
6 silly lifecycle meteor-base-project@~prestart: no script for prestart, continuing
7 info lifecycle meteor-base-project@~start: meteor-base-project@
8 verbose lifecycle meteor-base-project@~start: unsafe-perm in lifecycle true
9 verbose lifecycle meteor-base-project@~start: PATH: /usr/share/npm/bin/node-gyp-bin:/home/cristian/Proyectos/led-player/node_modules/.bin:/usr/local/sbin:/usr/local/bin:/usr/sbin:/usr/bin:/sbin:/bin:/snap/bin
10 verbose lifecycle meteor-base-project@~start: CWD: /home/cristian/Proyectos/led-player
11 silly lifecycle meteor-base-project@~start: Args: [ '-c', './run.sh' ]
12 silly lifecycle meteor-base-project@~start: Returned: code: 126  signal: null
13 info lifecycle meteor-base-project@~start: Failed to exec start script
14 verbose stack Error: meteor-base-project@ start: `./run.sh`
14 verbose stack Exit status 126
14 verbose stack     at EventEmitter.<anonymous> (/usr/share/npm/lib/utils/lifecycle.js:232:16)
14 verbose stack     at emitTwo (events.js:126:13)
14 verbose stack     at EventEmitter.emit (events.js:214:7)
14 verbose stack     at ChildProcess.<anonymous> (/usr/share/npm/lib/utils/spawn.js:24:14)
14 verbose stack     at emitTwo (events.js:126:13)
14 verbose stack     at ChildProcess.emit (events.js:214:7)
14 verbose stack     at maybeClose (internal/child_process.js:925:16)
14 verbose stack     at Process.ChildProcess._handle.onexit (internal/child_process.js:209:5)
15 verbose pkgid meteor-base-project@
16 verbose cwd /home/cristian/Proyectos/led-player
17 error Linux 4.15.0-34-generic
18 error argv "/usr/bin/node" "/usr/bin/npm" "start"
19 error node v8.10.0
20 error npm  v3.5.2
21 error code ELIFECYCLE
22 error meteor-base-project@ start: `./run.sh`
22 error Exit status 126
23 error Failed at the meteor-base-project@ start script './run.sh'.
23 error Make sure you have the latest version of node.js and npm installed.
23 error If you do, this is most likely a problem with the meteor-base-project package,
23 error not with npm itself.
23 error Tell the author that this fails on your system:
23 error     ./run.sh
23 error You can get information on how to open an issue for this project with:
23 error     npm bugs meteor-base-project
23 error Or if that isn't available, you can get their info via:
23 error     npm owner ls meteor-base-project
23 error There is likely additional logging output above.
24 verbose exit [ 1, true ]
